<?xml version="1.0" encoding="UTF-8"?>
<!-- Generated by org.testng.reporters.JUnitXMLReporter -->
<testsuite ignored="0" hostname="stephen" failures="0" tests="4" name="Default test" time="230.296" errors="0" timestamp="2023-01-24T05:12:11 IST">
  <testcase classname="NotifyNOW.NotifyNOW_negative_scenarios.BaseClass_Negative_scenario" name="callmethod1" time="71.821"/>
  <testcase classname="NotifyNOW.NotifyNOW_negative_scenarios.BaseClass_Negative_scenario" name="callmethod2" time="66.742"/>
  <testcase classname="NotifyNOW.NotifyNOW_negative_scenarios.BaseClass_Negative_scenario" name="callmethod3" time="18.728"/>
  <testcase classname="NotifyNOW.NotifyNOW_negative_scenarios.BaseClass_Negative_scenario" name="callmethod4" time="62.489"/>
</testsuite> <!-- Default test -->
