<?xml version="1.0" encoding="UTF-8"?>
<!-- Generated by org.testng.reporters.JUnitXMLReporter -->
<testsuite ignored="0" hostname="stephen" failures="0" tests="2" name="Default test" time="118.02" errors="0" timestamp="2023-01-14T01:38:14 IST">
  <testcase classname="NotifyNOW.NotifyNOW_negative_scenarios.BaseClass_Negative_scenario" name="callmethod1" time="63.291"/>
  <testcase classname="NotifyNOW.NotifyNOW_negative_scenarios.BaseClass_Negative_scenario" name="callmethod2" time="44.52"/>
</testsuite> <!-- Default test -->
